0 info it worked if it ends with ok
1 verbose cli [ '/usr/local/bin/node', '/usr/local/bin/npm', 'run', 'server' ]
2 info using npm@3.3.12
3 info using node@v5.4.1
4 verbose run-script [ 'preserver', 'server', 'postserver' ]
5 info lifecycle webpack-react-express@0.2.0~preserver: webpack-react-express@0.2.0
6 silly lifecycle webpack-react-express@0.2.0~preserver: no script for preserver, continuing
7 info lifecycle webpack-react-express@0.2.0~server: webpack-react-express@0.2.0
8 verbose lifecycle webpack-react-express@0.2.0~server: unsafe-perm in lifecycle true
9 verbose lifecycle webpack-react-express@0.2.0~server: PATH: /usr/local/lib/node_modules/npm/bin/node-gyp-bin:/Users/mbradzick/Sites/recoveryx/rx-from-bitbucket/recoveryx/node_modules/.bin:/Library/Frameworks/Python.framework/Versions/3.5/bin:/opt/local/bin:/opt/local/sbin:/usr/local/share/python:/usr/local/bin:/usr/bin:/bin:/usr/sbin:/sbin
10 verbose lifecycle webpack-react-express@0.2.0~server: CWD: /Users/mbradzick/Sites/recoveryx/rx-from-bitbucket/recoveryx
11 silly lifecycle webpack-react-express@0.2.0~server: Args: [ '-c', 'node bin/www' ]
12 silly lifecycle webpack-react-express@0.2.0~server: Returned: code: 1  signal: null
13 info lifecycle webpack-react-express@0.2.0~server: Failed to exec server script
14 verbose stack Error: webpack-react-express@0.2.0 server: `node bin/www`
14 verbose stack Exit status 1
14 verbose stack     at EventEmitter.<anonymous> (/usr/local/lib/node_modules/npm/lib/utils/lifecycle.js:232:16)
14 verbose stack     at emitTwo (events.js:87:13)
14 verbose stack     at EventEmitter.emit (events.js:172:7)
14 verbose stack     at ChildProcess.<anonymous> (/usr/local/lib/node_modules/npm/lib/utils/spawn.js:24:14)
14 verbose stack     at emitTwo (events.js:87:13)
14 verbose stack     at ChildProcess.emit (events.js:172:7)
14 verbose stack     at maybeClose (internal/child_process.js:821:16)
14 verbose stack     at Process.ChildProcess._handle.onexit (internal/child_process.js:211:5)
15 verbose pkgid webpack-react-express@0.2.0
16 verbose cwd /Users/mbradzick/Sites/recoveryx/rx-from-bitbucket/recoveryx
17 error Darwin 16.1.0
18 error argv "/usr/local/bin/node" "/usr/local/bin/npm" "run" "server"
19 error node v5.4.1
20 error npm  v3.3.12
21 error code ELIFECYCLE
22 error webpack-react-express@0.2.0 server: `node bin/www`
22 error Exit status 1
23 error Failed at the webpack-react-express@0.2.0 server script 'node bin/www'.
23 error Make sure you have the latest version of node.js and npm installed.
23 error If you do, this is most likely a problem with the webpack-react-express package,
23 error not with npm itself.
23 error Tell the author that this fails on your system:
23 error     node bin/www
23 error You can get their info via:
23 error     npm owner ls webpack-react-express
23 error There is likely additional logging output above.
24 verbose exit [ 1, true ]
